🚀 Starting Wiggum Worker for: mlflow-ai-experiment
📍 Project Path: /home/julien/Desktop/Free-Wiggum-opencode/projects/mlflow-ai-experiment
⏰ Started at: Tue Mar 17 02:20:50 PM EDT 2026
⚡ Token Budget: 64000
━━━━━━━━━━━━━━━━━━━━━━━━━━━━━━━━════

📍 Iteration 1 at Tue Mar 17 02:20:50 PM EDT 2026...
🤖 OpenCode processing: Define specific domain and problem: Select text classification domain using IMDB movie reviews dataset for sentiment analysis, document requirements and success criteria
[0m
> build · stepfun/step-3.5-flash:free
[0m
I'll start by reading the current project state and TASKS.md to understand what needs to be done.
[0m→ [0mRead TASKS.md
[0m→ [0mRead README.md
[0m→ [0mRead .agent_role
Now let me check what files exist in the project to understand the current structure:
[0m
[0m$ [0mfind /home/julien/Desktop/Free-Wiggum-opencode/projects/mlflow-ai-experiment -type f -name "*.py" -o -name "*.txt" -o -name "*.toml" -o -name "*.json" -o -name "*.md" | head -20
/home/julien/Desktop/Free-Wiggum-opencode/projects/mlflow-ai-experiment/TASKS.md
/home/julien/Desktop/Free-Wiggum-opencode/projects/mlflow-ai-experiment/README.md
/home/julien/Desktop/Free-Wiggum-opencode/projects/mlflow-ai-experiment/prompt.txt
/home/julien/Desktop/Free-Wiggum-opencode/projects/mlflow-ai-experiment/logs/iteration-1.md
/home/julien/Desktop/Free-Wiggum-opencode/projects/mlflow-ai-experiment/TASKS_original.md
[0m
I'll now create the problem statement document as specified in the first task. I'll create the `docs` directory and the `problem-statement.md` file:
[0m$ [0mmkdir -p docs
Now I'll create the problem statement document:
[0m
[0m← [0mWrite docs/problem-statement.md
Wrote file successfully.
[0m
[0m← [0mWrite README.md
Wrote file successfully.
[0m
Now I'll update the README.md with project-specific content:
Now I'll create the requirements.txt file:
[0m← [0mWrite requirements.txt
Wrote file successfully.
[0m
Now I'll create the GitHub Actions workflow file. First, I need to create the .github/workflows directory:
[0m$ [0mmkdir -p .github/workflows
[0m✗ [0mwrite failed
[91m[1mError: [0mYou must read file /home/julien/Desktop/Free-Wiggum-opencode/projects/mlflow-ai-experiment/.github/workflows/test.yml before overwriting it. Use the Read tool first
Now I'll create the test.yml workflow file using the Python template:
📝 Log saved: logs/iteration-1.md
📊 Token Usage: 6500 / Session: 6500 / 64000
✅ Changes committed
To https://github.com/Julien-ser/mlflow-ai-experiment.git
 * [new branch]      main -> main
✅ Pushed to GitHub
📊 Updated Tasks: 0/19 completed, 19 remaining
   Next task: Define specific domain and problem: Select text classificati...
📍 Iteration 2 at Tue Mar 17 02:21:47 PM EDT 2026...
✓ Progress: Git commit found
📊 Task attempt 2: Progress detected, continuing...
📚 Loading context from previous iteration attempts...
   Found context in: iteration-1.md
🤖 OpenCode processing: Define specific domain and problem: Select text classification domain using IMDB movie reviews dataset for sentiment analysis, document requirements and success criteria
[0m
> build · stepfun/step-3.5-flash:free
[0m
I'll complete the first task: creating the problem statement document and updating the README.
[0m→ [0mRead TASKS.md
[0m→ [0mRead README.md
Now I'll create the problem statement document and update the task tracking:
[0m✗ [0mwrite failed
[91m[1mError: [0mYou must read file /home/julien/Desktop/Free-Wiggum-opencode/projects/mlflow-ai-experiment/docs/problem-statement.md before overwriting it. Use the Read tool first
[0m→ [0mRead docs
Let me check if the docs directory and file exist:
[0m→ [0mRead docs/problem-statement.md
Good! The problem statement already exists and is comprehensive. Now I need to mark the task as completed in TASKS.md:
[0m
[0m← [0mEdit TASKS.md
Index: /home/julien/Desktop/Free-Wiggum-opencode/projects/mlflow-ai-experiment/TASKS.md
===================================================================
--- /home/julien/Desktop/Free-Wiggum-opencode/projects/mlflow-ai-experiment/TASKS.md
+++ /home/julien/Desktop/Free-Wiggum-opencode/projects/mlflow-ai-experiment/TASKS.md
@@ -1,9 +1,9 @@
 # mlflow-ai-experiment
 **Mission:** Use MLFlow to compare all state of the art ML models on some domain of your choice
 
 ## Phase 1: Planning & Setup
-- [ ] Define specific domain and problem: Select text classification domain using IMDB movie reviews dataset for sentiment analysis, document requirements and success criteria
+- [x] Define specific domain and problem: Select text classification domain using IMDB movie reviews dataset for sentiment analysis, document requirements and success criteria
   - Deliverable: `docs/problem-statement.md` with dataset choice, evaluation metrics (accuracy, F1, inference time), and baseline expectations
 - [ ] Set up MLFlow tracking infrastructure: Configure MLFlow tracking URI (local directory or Docker), initialize experiments, create project structure
   - Deliverable: `mlruns/` directory with tracking configured, `setup_mlflow.py` script, and `config.yaml` for experiment parameters
 - [ ] Create development environment: Create `requirements.txt` with core dependencies (mlflow, transformers, datasets, torch/tensorflow, scikit-learn, pandas, numpy) and set up virtual environment

[0m
Now commit the changes:
[0m$ [0mgit add TASKS.md && git commit -m "feat: complete problem statement definition for IMDB sentiment analysis" && git push origin main
[main dfdff87] feat: complete problem statement definition for IMDB sentiment analysis
 1 file changed, 1 insertion(+), 1 deletion(-)
To https://github.com/Julien-ser/mlflow-ai-experiment.git
   3e770cc..dfdff87  main -> main
[0m
Task 1 complete. Problem statement defined and documented in `docs/problem-statement.md`, task marked as done in TASKS.md and committed to GitHub.
📝 Log saved: logs/iteration-2.md
📊 Token Usage: 7250 / Session: 13750 / 64000
